<?xml version="1.0" encoding="UTF-8"?>
<testsuites>
  <testsuite name="D:\Kuliah\Tugas Akhir\BurjoMinangRm\phpunit.xml" tests="41" assertions="250" errors="0" failures="0" skipped="0" time="18.134141">
    <testsuite name="BlackBox" tests="41" assertions="250" errors="0" failures="0" skipped="0" time="18.134141">
      <testsuite name="Tests\Feature\BlackBox\Bb0102AuthTest" file="tests\Feature\BlackBox\Bb01_02_AuthTest.php" tests="6" assertions="29" errors="0" failures="0" skipped="0" time="0.852048">
        <testcase name="BB-01 Registrasi dengan data valid menyimpan user pelanggan dan otomatis login" file="tests\Feature\BlackBox\Bb01_02_AuthTest.php::BB-01 Registrasi dengan data valid menyimpan user pelanggan dan otomatis login" class="Tests\Feature\BlackBox\Bb0102AuthTest" classname="Tests.Feature.BlackBox.Bb0102AuthTest" assertions="4" time="0.507842"/>
        <testcase name="BB-01 Registrasi dengan data invalid ditolak dengan error validasi" file="tests\Feature\BlackBox\Bb01_02_AuthTest.php::BB-01 Registrasi dengan data invalid ditolak dengan error validasi" class="Tests\Feature\BlackBox\Bb0102AuthTest" classname="Tests.Feature.BlackBox.Bb0102AuthTest" assertions="7" time="0.028270"/>
        <testsuite name="BB-02 Login kredensial benar mengarahkan sesuai peran" tests="3" assertions="15" errors="0" failures="0" skipped="0" time="0.086330">
          <testcase name="BB-02 Login kredensial benar mengarahkan sesuai peran with data set &quot;dataset &quot;owner&quot;&quot;" file="tests\Feature\BlackBox\Bb01_02_AuthTest.php::BB-02 Login kredensial benar mengarahkan sesuai peran with data set &quot;dataset &quot;owner&quot;&quot;" class="Tests\Feature\BlackBox\Bb0102AuthTest" classname="Tests.Feature.BlackBox.Bb0102AuthTest" assertions="5" time="0.042780"/>
          <testcase name="BB-02 Login kredensial benar mengarahkan sesuai peran with data set &quot;dataset &quot;kasir&quot;&quot;" file="tests\Feature\BlackBox\Bb01_02_AuthTest.php::BB-02 Login kredensial benar mengarahkan sesuai peran with data set &quot;dataset &quot;kasir&quot;&quot;" class="Tests\Feature\BlackBox\Bb0102AuthTest" classname="Tests.Feature.BlackBox.Bb0102AuthTest" assertions="5" time="0.021913"/>
          <testcase name="BB-02 Login kredensial benar mengarahkan sesuai peran with data set &quot;dataset &quot;pelanggan&quot;&quot;" file="tests\Feature\BlackBox\Bb01_02_AuthTest.php::BB-02 Login kredensial benar mengarahkan sesuai peran with data set &quot;dataset &quot;pelanggan&quot;&quot;" class="Tests\Feature\BlackBox\Bb0102AuthTest" classname="Tests.Feature.BlackBox.Bb0102AuthTest" assertions="5" time="0.021638"/>
        </testsuite>
        <testcase name="BB-02 Login kredensial salah gagal dan tetap tamu" file="tests\Feature\BlackBox\Bb01_02_AuthTest.php::BB-02 Login kredensial salah gagal dan tetap tamu" class="Tests\Feature\BlackBox\Bb0102AuthTest" classname="Tests.Feature.BlackBox.Bb0102AuthTest" assertions="3" time="0.229605"/>
      </testsuite>
      <testsuite name="Tests\Feature\BlackBox\Bb0304PemesananTest" file="tests\Feature\BlackBox\Bb03_04_PemesananTest.php" tests="3" assertions="22" errors="0" failures="0" skipped="0" time="0.092182">
        <testcase name="BB-03 Checkout dine-in menyimpan order + order_items dengan status &amp; total benar" file="tests\Feature\BlackBox\Bb03_04_PemesananTest.php::BB-03 Checkout dine-in menyimpan order + order_items dengan status &amp; total benar" class="Tests\Feature\BlackBox\Bb0304PemesananTest" classname="Tests.Feature.BlackBox.Bb0304PemesananTest" assertions="11" time="0.041568"/>
        <testcase name="BB-03 Checkout take-away (pre-order) menyimpan waktu_pengambilan dan tanpa jumlah_orang" file="tests\Feature\BlackBox\Bb03_04_PemesananTest.php::BB-03 Checkout take-away (pre-order) menyimpan waktu_pengambilan dan tanpa jumlah_orang" class="Tests\Feature\BlackBox\Bb0304PemesananTest" classname="Tests.Feature.BlackBox.Bb0304PemesananTest" assertions="4" time="0.024668"/>
        <testcase name="BB-04 Konfirmasi pesanan membentuk transaksi Snap dan record payment status pending" file="tests\Feature\BlackBox\Bb03_04_PemesananTest.php::BB-04 Konfirmasi pesanan membentuk transaksi Snap dan record payment status pending" class="Tests\Feature\BlackBox\Bb0304PemesananTest" classname="Tests.Feature.BlackBox.Bb0304PemesananTest" assertions="7" time="0.025945"/>
      </testsuite>
      <testsuite name="Tests\Feature\BlackBox\Bb05WebhookMidtransTest" file="tests\Feature\BlackBox\Bb05_WebhookMidtransTest.php" tests="9" assertions="28" errors="0" failures="0" skipped="0" time="0.242174">
        <testcase name="BB-05 settlement → payment lunas &amp; order diproses" file="tests\Feature\BlackBox\Bb05_WebhookMidtransTest.php::BB-05 settlement → payment lunas &amp; order diproses" class="Tests\Feature\BlackBox\Bb05WebhookMidtransTest" classname="Tests.Feature.BlackBox.Bb05WebhookMidtransTest" assertions="3" time="0.031888"/>
        <testcase name="BB-05 capture (credit_card, accept) → payment lunas &amp; order diproses" file="tests\Feature\BlackBox\Bb05_WebhookMidtransTest.php::BB-05 capture (credit_card, accept) → payment lunas &amp; order diproses" class="Tests\Feature\BlackBox\Bb05WebhookMidtransTest" classname="Tests.Feature.BlackBox.Bb05WebhookMidtransTest" assertions="3" time="0.034396"/>
        <testcase name="BB-05 pending → payment tetap pending &amp; order tetap menunggu_pembayaran" file="tests\Feature\BlackBox\Bb05_WebhookMidtransTest.php::BB-05 pending → payment tetap pending &amp; order tetap menunggu_pembayaran" class="Tests\Feature\BlackBox\Bb05WebhookMidtransTest" classname="Tests.Feature.BlackBox.Bb05WebhookMidtransTest" assertions="3" time="0.027694"/>
        <testsuite name="BB-05 expire/deny/cancel → payment gagal, order batal, dan stok dikembalikan" tests="3" assertions="12" errors="0" failures="0" skipped="0" time="0.085855">
          <testcase name="BB-05 expire/deny/cancel → payment gagal, order batal, dan stok dikembalikan with data set &quot;('expire')&quot;" file="tests\Feature\BlackBox\Bb05_WebhookMidtransTest.php::BB-05 expire/deny/cancel → payment gagal, order batal, dan stok dikembalikan with data set &quot;('expire')&quot;" class="Tests\Feature\BlackBox\Bb05WebhookMidtransTest" classname="Tests.Feature.BlackBox.Bb05WebhookMidtransTest" assertions="4" time="0.032942"/>
          <testcase name="BB-05 expire/deny/cancel → payment gagal, order batal, dan stok dikembalikan with data set &quot;('deny')&quot;" file="tests\Feature\BlackBox\Bb05_WebhookMidtransTest.php::BB-05 expire/deny/cancel → payment gagal, order batal, dan stok dikembalikan with data set &quot;('deny')&quot;" class="Tests\Feature\BlackBox\Bb05WebhookMidtransTest" classname="Tests.Feature.BlackBox.Bb05WebhookMidtransTest" assertions="4" time="0.029600"/>
          <testcase name="BB-05 expire/deny/cancel → payment gagal, order batal, dan stok dikembalikan with data set &quot;('cancel')&quot;" file="tests\Feature\BlackBox\Bb05_WebhookMidtransTest.php::BB-05 expire/deny/cancel → payment gagal, order batal, dan stok dikembalikan with data set &quot;('cancel')&quot;" class="Tests\Feature\BlackBox\Bb05WebhookMidtransTest" classname="Tests.Feature.BlackBox.Bb05WebhookMidtransTest" assertions="4" time="0.023313"/>
        </testsuite>
        <testcase name="BB-05 notifikasi tidak dapat diverifikasi ke Midtrans (transaksi invalid) ditolak HTTP 400" file="tests\Feature\BlackBox\Bb05_WebhookMidtransTest.php::BB-05 notifikasi tidak dapat diverifikasi ke Midtrans (transaksi invalid) ditolak HTTP 400" class="Tests\Feature\BlackBox\Bb05WebhookMidtransTest" classname="Tests.Feature.BlackBox.Bb05WebhookMidtransTest" assertions="3" time="0.021599"/>
        <testcase name="BB-05 order sudah final (selesai) → webhook diabaikan tanpa mengubah status" file="tests\Feature\BlackBox\Bb05_WebhookMidtransTest.php::BB-05 order sudah final (selesai) → webhook diabaikan tanpa mengubah status" class="Tests\Feature\BlackBox\Bb05WebhookMidtransTest" classname="Tests.Feature.BlackBox.Bb05WebhookMidtransTest" assertions="3" time="0.022387"/>
        <testcase name="BB-05 order_id tidak ditemukan di database ditolak HTTP 404" file="tests\Feature\BlackBox\Bb05_WebhookMidtransTest.php::BB-05 order_id tidak ditemukan di database ditolak HTTP 404" class="Tests\Feature\BlackBox\Bb05WebhookMidtransTest" classname="Tests.Feature.BlackBox.Bb05WebhookMidtransTest" assertions="1" time="0.018354"/>
      </testsuite>
      <testsuite name="Tests\Feature\BlackBox\Bb06RiwayatPelangganTest" file="tests\Feature\BlackBox\Bb06_RiwayatPelangganTest.php" tests="2" assertions="34" errors="0" failures="0" skipped="0" time="4.180368">
        <testcase name="BB-06 Pelanggan hanya melihat pesanannya sendiri beserta status terkini (tab aktif)" file="tests\Feature\BlackBox\Bb06_RiwayatPelangganTest.php::BB-06 Pelanggan hanya melihat pesanannya sendiri beserta status terkini (tab aktif)" class="Tests\Feature\BlackBox\Bb06RiwayatPelangganTest" classname="Tests.Feature.BlackBox.Bb06RiwayatPelangganTest" assertions="18" time="2.110445"/>
        <testcase name="BB-06 Tab riwayat menampilkan pesanan selesai/batal milik pelanggan" file="tests\Feature\BlackBox\Bb06_RiwayatPelangganTest.php::BB-06 Tab riwayat menampilkan pesanan selesai/batal milik pelanggan" class="Tests\Feature\BlackBox\Bb06RiwayatPelangganTest" classname="Tests.Feature.BlackBox.Bb06RiwayatPelangganTest" assertions="16" time="2.069923"/>
      </testsuite>
      <testsuite name="Tests\Feature\BlackBox\Bb0708KasirPesananTest" file="tests\Feature\BlackBox\Bb07_08_KasirPesananTest.php" tests="7" assertions="50" errors="0" failures="0" skipped="0" time="6.307013">
        <testcase name="BB-07 Kasir melihat daftar pesanan masuk hari ini" file="tests\Feature\BlackBox\Bb07_08_KasirPesananTest.php::BB-07 Kasir melihat daftar pesanan masuk hari ini" class="Tests\Feature\BlackBox\Bb0708KasirPesananTest" classname="Tests.Feature.BlackBox.Bb0708KasirPesananTest" assertions="14" time="2.077941"/>
        <testcase name="BB-07 Daftar mencerminkan kondisi terkini database pada tiap request (basis reload)" file="tests\Feature\BlackBox\Bb07_08_KasirPesananTest.php::BB-07 Daftar mencerminkan kondisi terkini database pada tiap request (basis reload)" class="Tests\Feature\BlackBox\Bb0708KasirPesananTest" classname="Tests.Feature.BlackBox.Bb0708KasirPesananTest" assertions="20" time="4.098478"/>
        <testcase name="BB-08 Transisi sah: pesanan tunai diproses → selesai (payment jadi lunas)" file="tests\Feature\BlackBox\Bb07_08_KasirPesananTest.php::BB-08 Transisi sah: pesanan tunai diproses → selesai (payment jadi lunas)" class="Tests\Feature\BlackBox\Bb0708KasirPesananTest" classname="Tests.Feature.BlackBox.Bb0708KasirPesananTest" assertions="4" time="0.025880"/>
        <testcase name="BB-08 Transisi sah: pesanan tunai diproses → batal mengembalikan stok &amp; payment gagal" file="tests\Feature\BlackBox\Bb07_08_KasirPesananTest.php::BB-08 Transisi sah: pesanan tunai diproses → batal mengembalikan stok &amp; payment gagal" class="Tests\Feature\BlackBox\Bb0708KasirPesananTest" classname="Tests.Feature.BlackBox.Bb0708KasirPesananTest" assertions="5" time="0.026846"/>
        <testcase name="BB-08 Transisi tidak sah: pesanan lunas/selesai tidak dapat dikembalikan ke menunggu_pembayaran" file="tests\Feature\BlackBox\Bb07_08_KasirPesananTest.php::BB-08 Transisi tidak sah: pesanan lunas/selesai tidak dapat dikembalikan ke menunggu_pembayaran" class="Tests\Feature\BlackBox\Bb0708KasirPesananTest" classname="Tests.Feature.BlackBox.Bb0708KasirPesananTest" assertions="2" time="0.025336"/>
        <testcase name="BB-08 Transisi tidak sah: kasir dilarang mengubah pesanan digital yang masih menunggu_pembayaran" file="tests\Feature\BlackBox\Bb07_08_KasirPesananTest.php::BB-08 Transisi tidak sah: kasir dilarang mengubah pesanan digital yang masih menunggu_pembayaran" class="Tests\Feature\BlackBox\Bb0708KasirPesananTest" classname="Tests.Feature.BlackBox.Bb0708KasirPesananTest" assertions="2" time="0.028021"/>
        <testcase name="BB-08 Nilai status di luar enum ditolak validasi" file="tests\Feature\BlackBox\Bb07_08_KasirPesananTest.php::BB-08 Nilai status di luar enum ditolak validasi" class="Tests\Feature\BlackBox\Bb0708KasirPesananTest" classname="Tests.Feature.BlackBox.Bb0708KasirPesananTest" assertions="3" time="0.024511"/>
      </testsuite>
      <testsuite name="Tests\Feature\BlackBox\Bb09MenuNotaTest" file="tests\Feature\BlackBox\Bb09_MenuNotaTest.php" tests="6" assertions="41" errors="0" failures="0" skipped="0" time="2.202639">
        <testcase name="BB-09 Tambah menu valid tersimpan ke database" file="tests\Feature\BlackBox\Bb09_MenuNotaTest.php::BB-09 Tambah menu valid tersimpan ke database" class="Tests\Feature\BlackBox\Bb09MenuNotaTest" classname="Tests.Feature.BlackBox.Bb09MenuNotaTest" assertions="5" time="0.045560"/>
        <testcase name="BB-09 Tambah menu invalid ditolak validasi (tanpa gambar &amp; harga negatif)" file="tests\Feature\BlackBox\Bb09_MenuNotaTest.php::BB-09 Tambah menu invalid ditolak validasi (tanpa gambar &amp; harga negatif)" class="Tests\Feature\BlackBox\Bb09MenuNotaTest" classname="Tests.Feature.BlackBox.Bb09MenuNotaTest" assertions="7" time="0.022318"/>
        <testcase name="BB-09 Edit menu memperbarui data (nama &amp; harga)" file="tests\Feature\BlackBox\Bb09_MenuNotaTest.php::BB-09 Edit menu memperbarui data (nama &amp; harga)" class="Tests\Feature\BlackBox\Bb09MenuNotaTest" classname="Tests.Feature.BlackBox.Bb09MenuNotaTest" assertions="3" time="0.023119"/>
        <testcase name="BB-09 Hapus menu menghilangkan data dari database" file="tests\Feature\BlackBox\Bb09_MenuNotaTest.php::BB-09 Hapus menu menghilangkan data dari database" class="Tests\Feature\BlackBox\Bb09MenuNotaTest" classname="Tests.Feature.BlackBox.Bb09MenuNotaTest" assertions="3" time="0.024382"/>
        <testcase name="BB-09 Cetak nota menghasilkan data pesanan yang benar" file="tests\Feature\BlackBox\Bb09_MenuNotaTest.php::BB-09 Cetak nota menghasilkan data pesanan yang benar" class="Tests\Feature\BlackBox\Bb09MenuNotaTest" classname="Tests.Feature.BlackBox.Bb09MenuNotaTest" assertions="20" time="2.064017"/>
        <testcase name="BB-09 Cetak struk thermal memuat identitas pesanan" file="tests\Feature\BlackBox\Bb09_MenuNotaTest.php::BB-09 Cetak struk thermal memuat identitas pesanan" class="Tests\Feature\BlackBox\Bb09MenuNotaTest" classname="Tests.Feature.BlackBox.Bb09MenuNotaTest" assertions="3" time="0.023244"/>
      </testsuite>
      <testsuite name="Tests\Feature\BlackBox\Bb10LaporanAkunOwnerTest" file="tests\Feature\BlackBox\Bb10_LaporanAkunOwnerTest.php" tests="8" assertions="46" errors="0" failures="0" skipped="0" time="4.257716">
        <testcase name="BB-10 Laporan keuangan menjumlahkan hanya transaksi lunas+selesai dengan total benar" file="tests\Feature\BlackBox\Bb10_LaporanAkunOwnerTest.php::BB-10 Laporan keuangan menjumlahkan hanya transaksi lunas+selesai dengan total benar" class="Tests\Feature\BlackBox\Bb10LaporanAkunOwnerTest" classname="Tests.Feature.BlackBox.Bb10LaporanAkunOwnerTest" assertions="16" time="2.078380"/>
        <testcase name="BB-10 Pemilik dapat menambah akun kasir" file="tests\Feature\BlackBox\Bb10_LaporanAkunOwnerTest.php::BB-10 Pemilik dapat menambah akun kasir" class="Tests\Feature\BlackBox\Bb10LaporanAkunOwnerTest" classname="Tests.Feature.BlackBox.Bb10LaporanAkunOwnerTest" assertions="3" time="0.020670"/>
        <testcase name="BB-10 Pemilik dapat memperbarui akun kasir" file="tests\Feature\BlackBox\Bb10_LaporanAkunOwnerTest.php::BB-10 Pemilik dapat memperbarui akun kasir" class="Tests\Feature\BlackBox\Bb10LaporanAkunOwnerTest" classname="Tests.Feature.BlackBox.Bb10LaporanAkunOwnerTest" assertions="3" time="0.019617"/>
        <testcase name="BB-10 Pemilik dapat melihat ulasan pelanggan" file="tests\Feature\BlackBox\Bb10_LaporanAkunOwnerTest.php::BB-10 Pemilik dapat melihat ulasan pelanggan" class="Tests\Feature\BlackBox\Bb10LaporanAkunOwnerTest" classname="Tests.Feature.BlackBox.Bb10LaporanAkunOwnerTest" assertions="14" time="2.064009"/>
        <testcase name="BB-10 Kasir dialihkan (ditolak) saat mengakses laporan keuangan pemilik" file="tests\Feature\BlackBox\Bb10_LaporanAkunOwnerTest.php::BB-10 Kasir dialihkan (ditolak) saat mengakses laporan keuangan pemilik" class="Tests\Feature\BlackBox\Bb10LaporanAkunOwnerTest" classname="Tests.Feature.BlackBox.Bb10LaporanAkunOwnerTest" assertions="3" time="0.018634"/>
        <testcase name="BB-10 Kasir tidak dapat menambah akun via endpoint pemilik" file="tests\Feature\BlackBox\Bb10_LaporanAkunOwnerTest.php::BB-10 Kasir tidak dapat menambah akun via endpoint pemilik" class="Tests\Feature\BlackBox\Bb10LaporanAkunOwnerTest" classname="Tests.Feature.BlackBox.Bb10LaporanAkunOwnerTest" assertions="3" time="0.017577"/>
        <testcase name="BB-10 Pelanggan juga ditolak mengakses endpoint pemilik" file="tests\Feature\BlackBox\Bb10_LaporanAkunOwnerTest.php::BB-10 Pelanggan juga ditolak mengakses endpoint pemilik" class="Tests\Feature\BlackBox\Bb10LaporanAkunOwnerTest" classname="Tests.Feature.BlackBox.Bb10LaporanAkunOwnerTest" assertions="2" time="0.017649"/>
        <testcase name="BB-10 Tamu (belum login) dialihkan ke halaman login" file="tests\Feature\BlackBox\Bb10_LaporanAkunOwnerTest.php::BB-10 Tamu (belum login) dialihkan ke halaman login" class="Tests\Feature\BlackBox\Bb10LaporanAkunOwnerTest" classname="Tests.Feature.BlackBox.Bb10LaporanAkunOwnerTest" assertions="2" time="0.021181"/>
      </testsuite>
    </testsuite>
  </testsuite>
</testsuites>
